[10Jun2025 00:02:22.964] [Server thread/INFO] [net.minecraft.server.MinecraftServer/]: Rubiocraft123 fell from a high place
[10Jun2025 00:02:22.967] [Server thread/INFO] [tombstone/]: The player Rubiocraft123 has successfully been saved
[10Jun2025 00:02:31.006] [Server thread/INFO] [net.minecraft.server.MinecraftServer/]: [Not Secure] <Rubiocraft123> TP
[10Jun2025 00:02:38.898] [Server thread/INFO] [net.minecraft.server.MinecraftServer/]: [Not Secure] <Rubiocraft123> A SANTIAGO PLEASE
[10Jun2025 00:03:10.890] [Server thread/INFO] [net.minecraft.server.MinecraftServer/]: Santiago has made the advancement [Best Friends Forever]
[10Jun2025 00:03:54.148] [Server thread/INFO] [net.minecraft.server.players.PlayerList/]: amoaminoviajulie[/127.168.201.233:46247] logged in with entity id 47550 at (-224.2412663635043, 64.0, -239.8080675869218)
[10Jun2025 00:03:54.156] [Server thread/INFO] [net.minecraft.server.MinecraftServer/]: amoaminoviajulie joined the game
[10Jun2025 00:04:11.477] [Server thread/INFO] [net.minecraft.server.MinecraftServer/]: [amoaminoviajulie: Teleported Rubiocraft123 to Santiago]
[10Jun2025 00:04:33.225] [Server thread/INFO] [net.minecraft.server.MinecraftServer/]: [Not Secure] <Rubiocraft123> gracias
[10Jun2025 00:11:57.214] [Server thread/INFO] [net.minecraft.server.MinecraftServer/]: [amoaminoviajulie: Gamerule playersSleepingPercentage is now set to: 1]
[10Jun2025 00:12:39.392] [Server thread/INFO] [net.minecraft.server.MinecraftServer/]: Santiago has made the advancement [Magic Writing]
[10Jun2025 00:13:48.693] [Server thread/INFO] [net.minecraft.server.MinecraftServer/]: ExterminadorAF has made the advancement [...And My Axe!]
[10Jun2025 00:14:07.141] [Server thread/INFO] [net.minecraft.server.MinecraftServer/]: ExterminadorAF has made the advancement [En Garde!]
[10Jun2025 00:14:28.420] [Server thread/INFO] [net.minecraft.server.MinecraftServer/]: [amoaminoviajulie: Teleported Rubiocraft123 to ExterminadorAF]
[10Jun2025 00:16:09.361] [Server thread/INFO] [net.minecraft.server.MinecraftServer/]: ExterminadorAF has made the advancement [Reaping What You Sow]
[10Jun2025 00:17:26.644] [Server thread/INFO] [net.minecraft.server.network.ServerGamePacketListenerImpl/]: Rubiocraft123 lost connection: Disconnected
[10Jun2025 00:17:26.644] [Server thread/INFO] [net.minecraft.server.MinecraftServer/]: Rubiocraft123 left the game
[10Jun2025 00:18:41.245] [Server thread/INFO] [net.minecraft.server.network.ServerGamePacketListenerImpl/]: Santiago lost connection: Disconnected
[10Jun2025 00:18:41.245] [Server thread/INFO] [net.minecraft.server.MinecraftServer/]: Santiago left the game
[10Jun2025 00:22:52.913] [Server thread/WARN] [net.minecraft.server.MinecraftServer/]: Can't keep up! Is the server overloaded? Running 14933ms or 298 ticks behind
[10Jun2025 00:22:53.083] [Server thread/WARN] [net.minecraft.server.network.ServerGamePacketListenerImpl/]: amoaminoviajulie moved too quickly! 0.34730121163997296,0.0,10.115008810945426
[10Jun2025 00:23:18.996] [Server thread/INFO] [net.minecraft.server.MinecraftServer/]: ExterminadorAF has made the advancement [Back to childhood]
[10Jun2025 00:23:18.996] [Server thread/INFO] [net.minecraft.server.MinecraftServer/]: ExterminadorAF has made the advancement [Not even afraid of death]
[10Jun2025 00:28:19.240] [Server thread/INFO] [net.minecraft.server.network.ServerGamePacketListenerImpl/]: amoaminoviajulie lost connection: Disconnected
[10Jun2025 00:28:19.240] [Server thread/INFO] [net.minecraft.server.MinecraftServer/]: amoaminoviajulie left the game
